c:\users\ksenia\source\repos\demo\demo\x64\debug\vc143.pdb
c:\users\ksenia\source\repos\demo\demo\x64\debug\vc143.idb
c:\users\ksenia\source\repos\demo\demo\x64\debug\qrc_demo.obj
c:\users\ksenia\source\repos\demo\demo\x64\debug\demo.obj
c:\users\ksenia\source\repos\demo\demo\x64\debug\main.obj
c:\users\ksenia\source\repos\demo\demo\x64\debug\moc_demo.obj
c:\users\ksenia\source\repos\demo\demo\x64\debug\uic\ui_demo.h
c:\users\ksenia\source\repos\demo\demo\x64\debug\rcc\qrc_demo.cpp
c:\users\ksenia\source\repos\demo\demo\x64\debug\moc\moc_demo.cpp
c:\users\ksenia\source\repos\demo\x64\debug\demo.exe
c:\users\ksenia\source\repos\demo\x64\debug\demo.pdb
c:\users\ksenia\source\repos\demo\demo\x64\debug\demo.ilk
c:\users\ksenia\source\repos\demo\demo\x64\debug\ncconsole.obj
c:\users\ksenia\source\repos\demo\demo\x64\debug\demo.obj.enc
c:\users\ksenia\source\repos\demo\demo\x64\debug\demo.tlog\cl.command.1.tlog
c:\users\ksenia\source\repos\demo\demo\x64\debug\demo.tlog\cl.items.tlog
c:\users\ksenia\source\repos\demo\demo\x64\debug\demo.tlog\cl.read.1.tlog
c:\users\ksenia\source\repos\demo\demo\x64\debug\demo.tlog\cl.write.1.tlog
c:\users\ksenia\source\repos\demo\demo\x64\debug\demo.tlog\demo.write.1u.tlog
c:\users\ksenia\source\repos\demo\demo\x64\debug\demo.tlog\link.command.1.tlog
c:\users\ksenia\source\repos\demo\demo\x64\debug\demo.tlog\link.read.1.tlog
c:\users\ksenia\source\repos\demo\demo\x64\debug\demo.tlog\link.secondary.1.tlog
c:\users\ksenia\source\repos\demo\demo\x64\debug\demo.tlog\link.write.1.tlog
c:\users\ksenia\source\repos\demo\demo\x64\debug\demo.tlog\moc.read.1u.tlog
c:\users\ksenia\source\repos\demo\demo\x64\debug\demo.tlog\moc.write.1u.tlog
c:\users\ksenia\source\repos\demo\demo\x64\debug\demo.tlog\rcc.read.1u.tlog
c:\users\ksenia\source\repos\demo\demo\x64\debug\demo.tlog\rcc.write.1u.tlog
c:\users\ksenia\source\repos\demo\demo\x64\debug\demo.tlog\uic.read.1u.tlog
c:\users\ksenia\source\repos\demo\demo\x64\debug\demo.tlog\uic.write.1u.tlog
