   Qt/MSBuild: 3.3.1.1
   Qt: 6.7.3
  mag_lab7.cpp
C:\Users\Ksenia\source\repos\mag_lab7\mag_lab7\mag_lab7.cpp(1,1): warning C4828: Файл содержит знак, начинающийся со смещения 0x60, который является недопустимым в текущей исходной кодировке (кодовая страница 65001).
C:\Users\Ksenia\source\repos\mag_lab7\mag_lab7\mag_lab7.cpp(1,1): warning C4828: Файл содержит знак, начинающийся со смещения 0x62, который является недопустимым в текущей исходной кодировке (кодовая страница 65001).
C:\Users\Ksenia\source\repos\mag_lab7\mag_lab7\mag_lab7.cpp(1,1): warning C4828: Файл содержит знак, начинающийся со смещения 0x65, который является недопустимым в текущей исходной кодировке (кодовая страница 65001).
C:\Users\Ksenia\source\repos\mag_lab7\mag_lab7\mag_lab7.cpp(1,1): warning C4828: Файл содержит знак, начинающийся со смещения 0x68, который является недопустимым в текущей исходной кодировке (кодовая страница 65001).
C:\Users\Ksenia\source\repos\mag_lab7\mag_lab7\mag_lab7.cpp(1,1): warning C4828: Файл содержит знак, начинающийся со смещения 0x6c, который является недопустимым в текущей исходной кодировке (кодовая страница 65001).
C:\Users\Ksenia\source\repos\mag_lab7\mag_lab7\mag_lab7.cpp(1,1): warning C4828: Файл содержит знак, начинающийся со смещения 0x70, который является недопустимым в текущей исходной кодировке (кодовая страница 65001).
C:\Users\Ksenia\source\repos\mag_lab7\mag_lab7\mag_lab7.cpp(1,1): warning C4828: Файл содержит знак, начинающийся со смещения 0x74, который является недопустимым в текущей исходной кодировке (кодовая страница 65001).
C:\Users\Ksenia\source\repos\mag_lab7\mag_lab7\mag_lab7.cpp(1,1): warning C4828: Файл содержит знак, начинающийся со смещения 0x77, который является недопустимым в текущей исходной кодировке (кодовая страница 65001).
C:\Users\Ksenia\source\repos\mag_lab7\mag_lab7\mag_lab7.cpp(1,1): warning C4828: Файл содержит знак, начинающийся со смещения 0xb6, который является недопустимым в текущей исходной кодировке (кодовая страница 65001).
C:\Users\Ksenia\source\repos\mag_lab7\mag_lab7\mag_lab7.cpp(1,1): warning C4828: Файл содержит знак, начинающийся со смещения 0xb8, который является недопустимым в текущей исходной кодировке (кодовая страница 65001).
C:\Users\Ksenia\source\repos\mag_lab7\mag_lab7\mag_lab7.cpp(1,1): warning C4828: Файл содержит знак, начинающийся со смещения 0xbb, который является недопустимым в текущей исходной кодировке (кодовая страница 65001).
C:\Users\Ksenia\source\repos\mag_lab7\mag_lab7\mag_lab7.cpp(1,1): warning C4828: Файл содержит знак, начинающийся со смещения 0x1ba, который является недопустимым в текущей исходной кодировке (кодовая страница 65001).
C:\Users\Ksenia\source\repos\mag_lab7\mag_lab7\mag_lab7.cpp(1,1): warning C4828: Файл содержит знак, начинающийся со смещения 0x1bc, который является недопустимым в текущей исходной кодировке (кодовая страница 65001).
C:\Users\Ksenia\source\repos\mag_lab7\mag_lab7\mag_lab7.cpp(1,1): warning C4828: Файл содержит знак, начинающийся со смещения 0x1c0, который является недопустимым в текущей исходной кодировке (кодовая страница 65001).
C:\Users\Ksenia\source\repos\mag_lab7\mag_lab7\mag_lab7.cpp(1,1): warning C4828: Файл содержит знак, начинающийся со смещения 0x1c4, который является недопустимым в текущей исходной кодировке (кодовая страница 65001).
C:\Users\Ksenia\source\repos\mag_lab7\mag_lab7\mag_lab7.cpp(1,1): warning C4828: Файл содержит знак, начинающийся со смещения 0x1c7, который является недопустимым в текущей исходной кодировке (кодовая страница 65001).
C:\Users\Ksenia\source\repos\mag_lab7\mag_lab7\mag_lab7.cpp(1,1): warning C4828: Файл содержит знак, начинающийся со смещения 0x1ca, который является недопустимым в текущей исходной кодировке (кодовая страница 65001).
C:\Users\Ksenia\source\repos\mag_lab7\mag_lab7\mag_lab7.cpp(1,1): warning C4828: Файл содержит знак, начинающийся со смещения 0x1ce, который является недопустимым в текущей исходной кодировке (кодовая страница 65001).
C:\Users\Ksenia\source\repos\mag_lab7\mag_lab7\mag_lab7.cpp(1,1): warning C4828: Файл содержит знак, начинающийся со смещения 0x1d2, который является недопустимым в текущей исходной кодировке (кодовая страница 65001).
C:\Users\Ksenia\source\repos\mag_lab7\mag_lab7\mag_lab7.cpp(1,1): warning C4828: Файл содержит знак, начинающийся со смещения 0x1fe, который является недопустимым в текущей исходной кодировке (кодовая страница 65001).
C:\Users\Ksenia\source\repos\mag_lab7\mag_lab7\mag_lab7.cpp(1,1): warning C4828: Файл содержит знак, начинающийся со смещения 0x200, который является недопустимым в текущей исходной кодировке (кодовая страница 65001).
C:\Users\Ksenia\source\repos\mag_lab7\mag_lab7\mag_lab7.cpp(1,1): warning C4828: Файл содержит знак, начинающийся со смещения 0x203, который является недопустимым в текущей исходной кодировке (кодовая страница 65001).
C:\Users\Ksenia\source\repos\mag_lab7\mag_lab7\mag_lab7.cpp(1,1): warning C4828: Файл содержит знак, начинающийся со смещения 0x33e, который является недопустимым в текущей исходной кодировке (кодовая страница 65001).
C:\Users\Ksenia\source\repos\mag_lab7\mag_lab7\mag_lab7.cpp(1,1): warning C4828: Файл содержит знак, начинающийся со смещения 0x342, который является недопустимым в текущей исходной кодировке (кодовая страница 65001).
C:\Users\Ksenia\source\repos\mag_lab7\mag_lab7\mag_lab7.cpp(1,1): warning C4828: Файл содержит знак, начинающийся со смещения 0x345, который является недопустимым в текущей исходной кодировке (кодовая страница 65001).
C:\Users\Ksenia\source\repos\mag_lab7\mag_lab7\mag_lab7.cpp(1,1): warning C4828: Файл содержит знак, начинающийся со смещения 0x442, который является недопустимым в текущей исходной кодировке (кодовая страница 65001).
C:\Users\Ksenia\source\repos\mag_lab7\mag_lab7\mag_lab7.cpp(1,1): warning C4828: Файл содержит знак, начинающийся со смещения 0x446, который является недопустимым в текущей исходной кодировке (кодовая страница 65001).
C:\Users\Ksenia\source\repos\mag_lab7\mag_lab7\mag_lab7.cpp(1,1): warning C4828: Файл содержит знак, начинающийся со смещения 0x44a, который является недопустимым в текущей исходной кодировке (кодовая страница 65001).
C:\Users\Ksenia\source\repos\mag_lab7\mag_lab7\mag_lab7.cpp(1,1): warning C4828: Файл содержит знак, начинающийся со смещения 0x44e, который является недопустимым в текущей исходной кодировке (кодовая страница 65001).
C:\Users\Ksenia\source\repos\mag_lab7\mag_lab7\mag_lab7.cpp(1,1): warning C4828: Файл содержит знак, начинающийся со смещения 0x451, который является недопустимым в текущей исходной кодировке (кодовая страница 65001).
C:\Users\Ksenia\source\repos\mag_lab7\mag_lab7\mag_lab7.cpp(1,1): warning C4828: Файл содержит знак, начинающийся со смещения 0x454, который является недопустимым в текущей исходной кодировке (кодовая страница 65001).
C:\Users\Ksenia\source\repos\mag_lab7\mag_lab7\mag_lab7.cpp(1,1): warning C4828: Файл содержит знак, начинающийся со смещения 0x457, который является недопустимым в текущей исходной кодировке (кодовая страница 65001).
C:\Users\Ksenia\source\repos\mag_lab7\mag_lab7\mag_lab7.cpp(1,1): warning C4828: Файл содержит знак, начинающийся со смещения 0x45b, который является недопустимым в текущей исходной кодировке (кодовая страница 65001).
C:\Users\Ksenia\source\repos\mag_lab7\mag_lab7\mag_lab7.cpp(1,1): warning C4828: Файл содержит знак, начинающийся со смещения 0x51e, который является недопустимым в текущей исходной кодировке (кодовая страница 65001).
C:\Users\Ksenia\source\repos\mag_lab7\mag_lab7\mag_lab7.cpp(1,1): warning C4828: Файл содержит знак, начинающийся со смещения 0x520, который является недопустимым в текущей исходной кодировке (кодовая страница 65001).
C:\Users\Ksenia\source\repos\mag_lab7\mag_lab7\mag_lab7.cpp(1,1): warning C4828: Файл содержит знак, начинающийся со смещения 0x524, который является недопустимым в текущей исходной кодировке (кодовая страница 65001).
C:\Users\Ksenia\source\repos\mag_lab7\mag_lab7\mag_lab7.cpp(1,1): warning C4828: Файл содержит знак, начинающийся со смещения 0x527, который является недопустимым в текущей исходной кодировке (кодовая страница 65001).
C:\Users\Ksenia\source\repos\mag_lab7\mag_lab7\mag_lab7.cpp(1,1): warning C4828: Файл содержит знак, начинающийся со смещения 0x52a, который является недопустимым в текущей исходной кодировке (кодовая страница 65001).
C:\Users\Ksenia\source\repos\mag_lab7\mag_lab7\mag_lab7.cpp(1,1): warning C4828: Файл содержит знак, начинающийся со смещения 0x5e9, который является недопустимым в текущей исходной кодировке (кодовая страница 65001).
C:\Users\Ksenia\source\repos\mag_lab7\mag_lab7\mag_lab7.cpp(1,1): warning C4828: Файл содержит знак, начинающийся со смещения 0x5eb, который является недопустимым в текущей исходной кодировке (кодовая страница 65001).
C:\Users\Ksenia\source\repos\mag_lab7\mag_lab7\mag_lab7.cpp(1,1): warning C4828: Файл содержит знак, начинающийся со смещения 0x5ee, который является недопустимым в текущей исходной кодировке (кодовая страница 65001).
C:\Users\Ksenia\source\repos\mag_lab7\mag_lab7\mag_lab7.cpp(1,1): warning C4828: Файл содержит знак, начинающийся со смещения 0x6c7, который является недопустимым в текущей исходной кодировке (кодовая страница 65001).
C:\Users\Ksenia\source\repos\mag_lab7\mag_lab7\mag_lab7.cpp(1,1): warning C4828: Файл содержит знак, начинающийся со смещения 0x6c9, который является недопустимым в текущей исходной кодировке (кодовая страница 65001).
C:\Users\Ksenia\source\repos\mag_lab7\mag_lab7\mag_lab7.cpp(1,1): warning C4828: Файл содержит знак, начинающийся со смещения 0x6cc, который является недопустимым в текущей исходной кодировке (кодовая страница 65001).
C:\Users\Ksenia\source\repos\mag_lab7\mag_lab7\mag_lab7.cpp(1,1): warning C4828: Файл содержит знак, начинающийся со смещения 0x6cd, который является недопустимым в текущей исходной кодировке (кодовая страница 65001).
C:\Users\Ksenia\source\repos\mag_lab7\mag_lab7\mag_lab7.cpp(1,1): warning C4828: Файл содержит знак, начинающийся со смещения 0x6d1, который является недопустимым в текущей исходной кодировке (кодовая страница 65001).
C:\Users\Ksenia\source\repos\mag_lab7\mag_lab7\mag_lab7.cpp(1,1): warning C4828: Файл содержит знак, начинающийся со смещения 0x6d4, который является недопустимым в текущей исходной кодировке (кодовая страница 65001).
C:\Users\Ksenia\source\repos\mag_lab7\mag_lab7\mag_lab7.cpp(1,1): warning C4828: Файл содержит знак, начинающийся со смещения 0x6d7, который является недопустимым в текущей исходной кодировке (кодовая страница 65001).
C:\Users\Ksenia\source\repos\mag_lab7\mag_lab7\mag_lab7.cpp(1,1): warning C4828: Файл содержит знак, начинающийся со смещения 0x6da, который является недопустимым в текущей исходной кодировке (кодовая страница 65001).
C:\Users\Ksenia\source\repos\mag_lab7\mag_lab7\mag_lab7.cpp(1,1): warning C4828: Файл содержит знак, начинающийся со смещения 0x6de, который является недопустимым в текущей исходной кодировке (кодовая страница 65001).
C:\Users\Ksenia\source\repos\mag_lab7\mag_lab7\mag_lab7.cpp(1,1): warning C4828: Файл содержит знак, начинающийся со смещения 0x6e2, который является недопустимым в текущей исходной кодировке (кодовая страница 65001).
C:\Users\Ksenia\source\repos\mag_lab7\mag_lab7\mag_lab7.cpp(1,1): warning C4828: Файл содержит знак, начинающийся со смещения 0xa04, который является недопустимым в текущей исходной кодировке (кодовая страница 65001).
C:\Users\Ksenia\source\repos\mag_lab7\mag_lab7\mag_lab7.cpp(1,1): warning C4828: Файл содержит знак, начинающийся со смещения 0xa06, который является недопустимым в текущей исходной кодировке (кодовая страница 65001).
C:\Users\Ksenia\source\repos\mag_lab7\mag_lab7\mag_lab7.cpp(1,1): warning C4828: Файл содержит знак, начинающийся со смещения 0xa0a, который является недопустимым в текущей исходной кодировке (кодовая страница 65001).
C:\Users\Ksenia\source\repos\mag_lab7\mag_lab7\mag_lab7.cpp(1,1): warning C4828: Файл содержит знак, начинающийся со смещения 0xa0e, который является недопустимым в текущей исходной кодировке (кодовая страница 65001).
C:\Users\Ksenia\source\repos\mag_lab7\mag_lab7\mag_lab7.cpp(1,1): warning C4828: Файл содержит знак, начинающийся со смещения 0xa11, который является недопустимым в текущей исходной кодировке (кодовая страница 65001).
C:\Users\Ksenia\source\repos\mag_lab7\mag_lab7\mag_lab7.cpp(1,1): warning C4828: Файл содержит знак, начинающийся со смещения 0xa15, который является недопустимым в текущей исходной кодировке (кодовая страница 65001).
C:\Users\Ksenia\source\repos\mag_lab7\mag_lab7\mag_lab7.cpp(1,1): warning C4828: Файл содержит знак, начинающийся со смещения 0xa19, который является недопустимым в текущей исходной кодировке (кодовая страница 65001).
C:\Users\Ksenia\source\repos\mag_lab7\mag_lab7\mag_lab7.cpp(1,1): warning C4828: Файл содержит знак, начинающийся со смещения 0xa1c, который является недопустимым в текущей исходной кодировке (кодовая страница 65001).
C:\Users\Ksenia\source\repos\mag_lab7\mag_lab7\mag_lab7.cpp(1,1): warning C4828: Файл содержит знак, начинающийся со смещения 0xa1f, который является недопустимым в текущей исходной кодировке (кодовая страница 65001).
C:\Users\Ksenia\source\repos\mag_lab7\mag_lab7\mag_lab7.cpp(1,1): warning C4828: Файл содержит знак, начинающийся со смещения 0xa22, который является недопустимым в текущей исходной кодировке (кодовая страница 65001).
C:\Users\Ksenia\source\repos\mag_lab7\mag_lab7\mag_lab7.cpp(1,1): warning C4828: Файл содержит знак, начинающийся со смещения 0xa25, который является недопустимым в текущей исходной кодировке (кодовая страница 65001).
C:\Users\Ksenia\source\repos\mag_lab7\mag_lab7\mag_lab7.cpp(1,1): warning C4828: Файл содержит знак, начинающийся со смещения 0xa28, который является недопустимым в текущей исходной кодировке (кодовая страница 65001).
C:\Users\Ksenia\source\repos\mag_lab7\mag_lab7\mag_lab7.cpp(1,1): warning C4828: Файл содержит знак, начинающийся со смещения 0xa2b, который является недопустимым в текущей исходной кодировке (кодовая страница 65001).
C:\Users\Ksenia\source\repos\mag_lab7\mag_lab7\mag_lab7.cpp(1,1): warning C4828: Файл содержит знак, начинающийся со смещения 0xb0f, который является недопустимым в текущей исходной кодировке (кодовая страница 65001).
C:\Users\Ksenia\source\repos\mag_lab7\mag_lab7\mag_lab7.cpp(1,1): warning C4828: Файл содержит знак, начинающийся со смещения 0xb11, который является недопустимым в текущей исходной кодировке (кодовая страница 65001).
C:\Users\Ksenia\source\repos\mag_lab7\mag_lab7\mag_lab7.cpp(1,1): warning C4828: Файл содержит знак, начинающийся со смещения 0xb15, который является недопустимым в текущей исходной кодировке (кодовая страница 65001).
C:\Users\Ksenia\source\repos\mag_lab7\mag_lab7\mag_lab7.cpp(1,1): warning C4828: Файл содержит знак, начинающийся со смещения 0xb19, который является недопустимым в текущей исходной кодировке (кодовая страница 65001).
C:\Users\Ksenia\source\repos\mag_lab7\mag_lab7\mag_lab7.cpp(1,1): warning C4828: Файл содержит знак, начинающийся со смещения 0xb1c, который является недопустимым в текущей исходной кодировке (кодовая страница 65001).
C:\Users\Ksenia\source\repos\mag_lab7\mag_lab7\mag_lab7.cpp(1,1): warning C4828: Файл содержит знак, начинающийся со смещения 0xb1d, который является недопустимым в текущей исходной кодировке (кодовая страница 65001).
C:\Users\Ksenia\source\repos\mag_lab7\mag_lab7\mag_lab7.cpp(1,1): warning C4828: Файл содержит знак, начинающийся со смещения 0xb20, который является недопустимым в текущей исходной кодировке (кодовая страница 65001).
C:\Users\Ksenia\source\repos\mag_lab7\mag_lab7\mag_lab7.cpp(1,1): warning C4828: Файл содержит знак, начинающийся со смещения 0xb23, который является недопустимым в текущей исходной кодировке (кодовая страница 65001).
C:\Users\Ksenia\source\repos\mag_lab7\mag_lab7\mag_lab7.cpp(1,1): warning C4828: Файл содержит знак, начинающийся со смещения 0xb26, который является недопустимым в текущей исходной кодировке (кодовая страница 65001).
C:\Users\Ksenia\source\repos\mag_lab7\mag_lab7\mag_lab7.cpp(1,1): warning C4828: Файл содержит знак, начинающийся со смещения 0xb29, который является недопустимым в текущей исходной кодировке (кодовая страница 65001).
C:\Users\Ksenia\source\repos\mag_lab7\mag_lab7\mag_lab7.cpp(1,1): warning C4828: Файл содержит знак, начинающийся со смещения 0xb2c, который является недопустимым в текущей исходной кодировке (кодовая страница 65001).
C:\Users\Ksenia\source\repos\mag_lab7\mag_lab7\mag_lab7.cpp(1,1): warning C4828: Файл содержит знак, начинающийся со смещения 0xb2f, который является недопустимым в текущей исходной кодировке (кодовая страница 65001).
C:\Users\Ksenia\source\repos\mag_lab7\mag_lab7\mag_lab7.cpp(1,1): warning C4828: Файл содержит знак, начинающийся со смещения 0xb32, который является недопустимым в текущей исходной кодировке (кодовая страница 65001).
C:\Users\Ksenia\source\repos\mag_lab7\mag_lab7\mag_lab7.cpp(1,1): warning C4828: Файл содержит знак, начинающийся со смещения 0xb35, который является недопустимым в текущей исходной кодировке (кодовая страница 65001).
C:\Users\Ksenia\source\repos\mag_lab7\mag_lab7\mag_lab7.cpp(1,1): warning C4828: Файл содержит знак, начинающийся со смещения 0xc1f, который является недопустимым в текущей исходной кодировке (кодовая страница 65001).
C:\Users\Ksenia\source\repos\mag_lab7\mag_lab7\mag_lab7.cpp(1,1): warning C4828: Файл содержит знак, начинающийся со смещения 0xc21, который является недопустимым в текущей исходной кодировке (кодовая страница 65001).
C:\Users\Ksenia\source\repos\mag_lab7\mag_lab7\mag_lab7.cpp(1,1): warning C4828: Файл содержит знак, начинающийся со смещения 0xc25, который является недопустимым в текущей исходной кодировке (кодовая страница 65001).
C:\Users\Ksenia\source\repos\mag_lab7\mag_lab7\mag_lab7.cpp(1,1): warning C4828: Файл содержит знак, начинающийся со смещения 0xc29, который является недопустимым в текущей исходной кодировке (кодовая страница 65001).
C:\Users\Ksenia\source\repos\mag_lab7\mag_lab7\mag_lab7.cpp(1,1): warning C4828: Файл содержит знак, начинающийся со смещения 0xc2c, который является недопустимым в текущей исходной кодировке (кодовая страница 65001).
C:\Users\Ksenia\source\repos\mag_lab7\mag_lab7\mag_lab7.cpp(1,1): warning C4828: Файл содержит знак, начинающийся со смещения 0xc30, который является недопустимым в текущей исходной кодировке (кодовая страница 65001).
C:\Users\Ksenia\source\repos\mag_lab7\mag_lab7\mag_lab7.cpp(1,1): warning C4828: Файл содержит знак, начинающийся со смещения 0xc34, который является недопустимым в текущей исходной кодировке (кодовая страница 65001).
C:\Users\Ksenia\source\repos\mag_lab7\mag_lab7\mag_lab7.cpp(1,1): warning C4828: Файл содержит знак, начинающийся со смещения 0xc37, который является недопустимым в текущей исходной кодировке (кодовая страница 65001).
C:\Users\Ksenia\source\repos\mag_lab7\mag_lab7\mag_lab7.cpp(1,1): warning C4828: Файл содержит знак, начинающийся со смещения 0xc3a, который является недопустимым в текущей исходной кодировке (кодовая страница 65001).
C:\Users\Ksenia\source\repos\mag_lab7\mag_lab7\mag_lab7.cpp(1,1): warning C4828: Файл содержит знак, начинающийся со смещения 0xc3d, который является недопустимым в текущей исходной кодировке (кодовая страница 65001).
C:\Users\Ksenia\source\repos\mag_lab7\mag_lab7\mag_lab7.cpp(1,1): warning C4828: Файл содержит знак, начинающийся со смещения 0xc40, который является недопустимым в текущей исходной кодировке (кодовая страница 65001).
C:\Users\Ksenia\source\repos\mag_lab7\mag_lab7\mag_lab7.cpp(1,1): warning C4828: Файл содержит знак, начинающийся со смещения 0xc43, который является недопустимым в текущей исходной кодировке (кодовая страница 65001).
C:\Users\Ksenia\source\repos\mag_lab7\mag_lab7\mag_lab7.cpp(1,1): warning C4828: Файл содержит знак, начинающийся со смещения 0xc46, который является недопустимым в текущей исходной кодировке (кодовая страница 65001).
C:\Users\Ksenia\source\repos\mag_lab7\mag_lab7\mag_lab7.cpp(1,1): warning C4828: Файл содержит знак, начинающийся со смещения 0xc48, который является недопустимым в текущей исходной кодировке (кодовая страница 65001).
C:\Users\Ksenia\source\repos\mag_lab7\mag_lab7\mag_lab7.cpp(1,1): warning C4828: Файл содержит знак, начинающийся со смещения 0xc4b, который является недопустимым в текущей исходной кодировке (кодовая страница 65001).
C:\Users\Ksenia\source\repos\mag_lab7\mag_lab7\mag_lab7.cpp(1,1): warning C4828: Файл содержит знак, начинающийся со смещения 0xc4f, который является недопустимым в текущей исходной кодировке (кодовая страница 65001).
C:\Users\Ksenia\source\repos\mag_lab7\mag_lab7\mag_lab7.cpp(1,1): warning C4828: Файл содержит знак, начинающийся со смещения 0xc52, который является недопустимым в текущей исходной кодировке (кодовая страница 65001).
C:\Users\Ksenia\source\repos\mag_lab7\mag_lab7\mag_lab7.cpp(1,1): warning C4828: Файл содержит знак, начинающийся со смещения 0xc55, который является недопустимым в текущей исходной кодировке (кодовая страница 65001).
C:\Users\Ksenia\source\repos\mag_lab7\mag_lab7\mag_lab7.cpp(1,1): warning C4828: Файл содержит знак, начинающийся со смещения 0xd37, который является недопустимым в текущей исходной кодировке (кодовая страница 65001).
C:\Users\Ksenia\source\repos\mag_lab7\mag_lab7\mag_lab7.cpp(1,1): warning C4828: Файл содержит знак, начинающийся со смещения 0xd39, который является недопустимым в текущей исходной кодировке (кодовая страница 65001).
C:\Users\Ksenia\source\repos\mag_lab7\mag_lab7\mag_lab7.cpp(1,1): warning C4828: Файл содержит знак, начинающийся со смещения 0xd3d, который является недопустимым в текущей исходной кодировке (кодовая страница 65001).
C:\Users\Ksenia\source\repos\mag_lab7\mag_lab7\mag_lab7.cpp(1,1): warning C4828: Файл содержит знак, начинающийся со смещения 0xd41, который является недопустимым в текущей исходной кодировке (кодовая страница 65001).
C:\Users\Ksenia\source\repos\mag_lab7\mag_lab7\mag_lab7.cpp(1,1): warning C4828: Файл содержит знак, начинающийся со смещения 0xd44, который является недопустимым в текущей исходной кодировке (кодовая страница 65001).
C:\Users\Ksenia\source\repos\mag_lab7\mag_lab7\mag_lab7.cpp(1,1): warning C4828: Файл содержит знак, начинающийся со смещения 0xd45, который является недопустимым в текущей исходной кодировке (кодовая страница 65001).
C:\Users\Ksenia\source\repos\mag_lab7\mag_lab7\mag_lab7.cpp(1,1): warning C4828: Файл содержит знак, начинающийся со смещения 0xd48, который является недопустимым в текущей исходной кодировке (кодовая страница 65001).
C:\Users\Ksenia\source\repos\mag_lab7\mag_lab7\mag_lab7.cpp(1,1): warning C4828: Файл содержит знак, начинающийся со смещения 0xd4b, который является недопустимым в текущей исходной кодировке (кодовая страница 65001).
C:\Users\Ksenia\source\repos\mag_lab7\mag_lab7\mag_lab7.cpp(1,1): warning C4828: Файл содержит знак, начинающийся со смещения 0xd4e, который является недопустимым в текущей исходной кодировке (кодовая страница 65001).
C:\Users\Ksenia\source\repos\mag_lab7\mag_lab7\mag_lab7.cpp(1,1): warning C4828: Файл содержит знак, начинающийся со смещения 0xd51, который является недопустимым в текущей исходной кодировке (кодовая страница 65001).
C:\Users\Ksenia\source\repos\mag_lab7\mag_lab7\mag_lab7.cpp(1,1): warning C4828: Файл содержит знак, начинающийся со смещения 0xd54, который является недопустимым в текущей исходной кодировке (кодовая страница 65001).
C:\Users\Ksenia\source\repos\mag_lab7\mag_lab7\mag_lab7.cpp(1,1): warning C4828: Файл содержит знак, начинающийся со смещения 0xd57, который является недопустимым в текущей исходной кодировке (кодовая страница 65001).
C:\Users\Ksenia\source\repos\mag_lab7\mag_lab7\mag_lab7.cpp(1,1): warning C4828: Файл содержит знак, начинающийся со смещения 0xd5a, который является недопустимым в текущей исходной кодировке (кодовая страница 65001).
C:\Users\Ksenia\source\repos\mag_lab7\mag_lab7\mag_lab7.cpp(1,1): warning C4828: Файл содержит знак, начинающийся со смещения 0xd5d, который является недопустимым в текущей исходной кодировке (кодовая страница 65001).
C:\Users\Ksenia\source\repos\mag_lab7\mag_lab7\mag_lab7.cpp(1,1): warning C4828: Файл содержит знак, начинающийся со смещения 0xd5f, который является недопустимым в текущей исходной кодировке (кодовая страница 65001).
C:\Users\Ksenia\source\repos\mag_lab7\mag_lab7\mag_lab7.cpp(1,1): warning C4828: Файл содержит знак, начинающийся со смещения 0xd62, который является недопустимым в текущей исходной кодировке (кодовая страница 65001).
C:\Users\Ksenia\source\repos\mag_lab7\mag_lab7\mag_lab7.cpp(1,1): warning C4828: Файл содержит знак, начинающийся со смещения 0xd66, который является недопустимым в текущей исходной кодировке (кодовая страница 65001).
C:\Users\Ksenia\source\repos\mag_lab7\mag_lab7\mag_lab7.cpp(1,1): warning C4828: Файл содержит знак, начинающийся со смещения 0xd69, который является недопустимым в текущей исходной кодировке (кодовая страница 65001).
C:\Users\Ksenia\source\repos\mag_lab7\mag_lab7\mag_lab7.cpp(1,1): warning C4828: Файл содержит знак, начинающийся со смещения 0xd6c, который является недопустимым в текущей исходной кодировке (кодовая страница 65001).
C:\Users\Ksenia\source\repos\mag_lab7\mag_lab7\mag_lab7.cpp(1,1): warning C4828: Файл содержит знак, начинающийся со смещения 0x1093, который является недопустимым в текущей исходной кодировке (кодовая страница 65001).
C:\Users\Ksenia\source\repos\mag_lab7\mag_lab7\mag_lab7.cpp(1,1): warning C4828: Файл содержит знак, начинающийся со смещения 0x1095, который является недопустимым в текущей исходной кодировке (кодовая страница 65001).
C:\Users\Ksenia\source\repos\mag_lab7\mag_lab7\mag_lab7.cpp(1,1): warning C4828: Файл содержит знак, начинающийся со смещения 0x1099, который является недопустимым в текущей исходной кодировке (кодовая страница 65001).
C:\Users\Ksenia\source\repos\mag_lab7\mag_lab7\mag_lab7.cpp(1,1): warning C4828: Файл содержит знак, начинающийся со смещения 0x109c, который является недопустимым в текущей исходной кодировке (кодовая страница 65001).
C:\Users\Ksenia\source\repos\mag_lab7\mag_lab7\mag_lab7.cpp(1,1): warning C4828: Файл содержит знак, начинающийся со смещения 0x109f, который является недопустимым в текущей исходной кодировке (кодовая страница 65001).
C:\Users\Ksenia\source\repos\mag_lab7\mag_lab7\mag_lab7.cpp(1,1): warning C4828: Файл содержит знак, начинающийся со смещения 0x10a2, который является недопустимым в текущей исходной кодировке (кодовая страница 65001).
C:\Users\Ksenia\source\repos\mag_lab7\mag_lab7\mag_lab7.cpp(1,1): warning C4828: Файл содержит знак, начинающийся со смещения 0x10a5, который является недопустимым в текущей исходной кодировке (кодовая страница 65001).
C:\Users\Ksenia\source\repos\mag_lab7\mag_lab7\mag_lab7.cpp(1,1): warning C4828: Файл содержит знак, начинающийся со смещения 0x10a8, который является недопустимым в текущей исходной кодировке (кодовая страница 65001).
C:\Users\Ksenia\source\repos\mag_lab7\mag_lab7\mag_lab7.h(1,1): warning C4828: Файл содержит знак, начинающийся со смещения 0x234, который является недопустимым в текущей исходной кодировке (кодовая страница 65001).
C:\Users\Ksenia\source\repos\mag_lab7\mag_lab7\mag_lab7.h(1,1): warning C4828: Файл содержит знак, начинающийся со смещения 0x236, который является недопустимым в текущей исходной кодировке (кодовая страница 65001).
C:\Users\Ksenia\source\repos\mag_lab7\mag_lab7\mag_lab7.h(1,1): warning C4828: Файл содержит знак, начинающийся со смещения 0x239, который является недопустимым в текущей исходной кодировке (кодовая страница 65001).
C:\Users\Ksenia\source\repos\mag_lab7\mag_lab7\mag_lab7.h(1,1): warning C4828: Файл содержит знак, начинающийся со смещения 0x23c, который является недопустимым в текущей исходной кодировке (кодовая страница 65001).
C:\Users\Ksenia\source\repos\mag_lab7\mag_lab7\mag_lab7.h(1,1): warning C4828: Файл содержит знак, начинающийся со смещения 0x23f, который является недопустимым в текущей исходной кодировке (кодовая страница 65001).
C:\Users\Ksenia\source\repos\mag_lab7\mag_lab7\mag_lab7.h(1,1): warning C4828: Файл содержит знак, начинающийся со смещения 0x242, который является недопустимым в текущей исходной кодировке (кодовая страница 65001).
C:\Users\Ksenia\source\repos\mag_lab7\mag_lab7\mag_lab7.h(1,1): warning C4828: Файл содержит знак, начинающийся со смещения 0x245, который является недопустимым в текущей исходной кодировке (кодовая страница 65001).
  mag_lab7.vcxproj -> C:\Users\Ksenia\source\repos\mag_lab7\x64\Debug\mag_lab7.exe
