c:\users\ksenia\desktop\mag_lab34_fd\mag_lab34_fd\x64\debug\vc143.pdb
c:\users\ksenia\desktop\mag_lab34_fd\mag_lab34_fd\x64\debug\vc143.idb
c:\users\ksenia\desktop\mag_lab34_fd\mag_lab34_fd\x64\debug\qrc_mag_lab34_fd.obj
c:\users\ksenia\desktop\mag_lab34_fd\mag_lab34_fd\x64\debug\mag_lab34_fd.obj
c:\users\ksenia\desktop\mag_lab34_fd\mag_lab34_fd\x64\debug\main.obj
c:\users\ksenia\desktop\mag_lab34_fd\mag_lab34_fd\x64\debug\moc_mag_lab34_fd.obj
c:\users\ksenia\desktop\mag_lab34_fd\x64\debug\mag_lab34_fd.exe
c:\users\ksenia\desktop\mag_lab34_fd\x64\debug\mag_lab34_fd.pdb
c:\users\ksenia\desktop\mag_lab34_fd\mag_lab34_fd\x64\debug\uic\ui_mag_lab34_fd.h
c:\users\ksenia\desktop\mag_lab34_fd\mag_lab34_fd\x64\debug\rcc\qrc_mag_lab34_fd.cpp
c:\users\ksenia\desktop\mag_lab34_fd\mag_lab34_fd\x64\debug\moc\moc_mag_lab34_fd.cpp
c:\users\ksenia\desktop\mag_lab34_fd\mag_lab34_fd\x64\debug\mag_lab34_fd.ilk
c:\users\ksenia\desktop\mag_lab34_fd\mag_lab34_fd\x64\debug\mag_lab34_fd.tlog\cl.command.1.tlog
c:\users\ksenia\desktop\mag_lab34_fd\mag_lab34_fd\x64\debug\mag_lab34_fd.tlog\cl.items.tlog
c:\users\ksenia\desktop\mag_lab34_fd\mag_lab34_fd\x64\debug\mag_lab34_fd.tlog\cl.read.1.tlog
c:\users\ksenia\desktop\mag_lab34_fd\mag_lab34_fd\x64\debug\mag_lab34_fd.tlog\cl.write.1.tlog
c:\users\ksenia\desktop\mag_lab34_fd\mag_lab34_fd\x64\debug\mag_lab34_fd.tlog\link.command.1.tlog
c:\users\ksenia\desktop\mag_lab34_fd\mag_lab34_fd\x64\debug\mag_lab34_fd.tlog\link.read.1.tlog
c:\users\ksenia\desktop\mag_lab34_fd\mag_lab34_fd\x64\debug\mag_lab34_fd.tlog\link.secondary.1.tlog
c:\users\ksenia\desktop\mag_lab34_fd\mag_lab34_fd\x64\debug\mag_lab34_fd.tlog\link.write.1.tlog
c:\users\ksenia\desktop\mag_lab34_fd\mag_lab34_fd\x64\debug\mag_lab34_fd.tlog\mag_lab34_fd.write.1u.tlog
c:\users\ksenia\desktop\mag_lab34_fd\mag_lab34_fd\x64\debug\mag_lab34_fd.tlog\moc.read.1u.tlog
c:\users\ksenia\desktop\mag_lab34_fd\mag_lab34_fd\x64\debug\mag_lab34_fd.tlog\moc.write.1u.tlog
c:\users\ksenia\desktop\mag_lab34_fd\mag_lab34_fd\x64\debug\mag_lab34_fd.tlog\rcc.read.1u.tlog
c:\users\ksenia\desktop\mag_lab34_fd\mag_lab34_fd\x64\debug\mag_lab34_fd.tlog\rcc.write.1u.tlog
c:\users\ksenia\desktop\mag_lab34_fd\mag_lab34_fd\x64\debug\mag_lab34_fd.tlog\uic.read.1u.tlog
c:\users\ksenia\desktop\mag_lab34_fd\mag_lab34_fd\x64\debug\mag_lab34_fd.tlog\uic.write.1u.tlog
